<?xml version="1.0" encoding="UTF-8"?>
<testng-results skipped="0" failed="0" ignored="0" total="1" passed="1">
  <reporter-output>
  </reporter-output>
  <suite name="Default suite" duration-ms="25916" started-at="2018-05-21T08:24:53Z" finished-at="2018-05-21T08:25:19Z">
    <groups>
    </groups>
    <test name="Default test" duration-ms="25916" started-at="2018-05-21T08:24:53Z" finished-at="2018-05-21T08:25:19Z">
      <class name="com.training.test.CreateNewViewTest">
        <test-method status="PASS" signature="setup()[pri:0, instance:com.training.test.CreateNewViewTest@77caeb3e]" name="setup" is-config="true" duration-ms="14506" started-at="2018-05-21T08:24:53Z" finished-at="2018-05-21T08:25:07Z">
          <reporter-output>
          </reporter-output>
        </test-method> <!-- setup -->
        <test-method status="PASS" signature="CreateAccount()[pri:0, instance:com.training.test.CreateNewViewTest@77caeb3e]" name="CreateAccount" duration-ms="9697" started-at="2018-05-21T08:25:07Z" finished-at="2018-05-21T08:25:17Z">
          <reporter-output>
          </reporter-output>
        </test-method> <!-- CreateAccount -->
        <test-method status="PASS" signature="tearDown()[pri:0, instance:com.training.test.CreateNewViewTest@77caeb3e]" name="tearDown" is-config="true" duration-ms="1695" started-at="2018-05-21T08:25:17Z" finished-at="2018-05-21T08:25:19Z">
          <reporter-output>
          </reporter-output>
        </test-method> <!-- tearDown -->
      </class> <!-- com.training.test.CreateNewViewTest -->
    </test> <!-- Default test -->
  </suite> <!-- Default suite -->
</testng-results>
